<?xml version="1.0" encoding="UTF-8"?>
<!-- Generated by org.testng.reporters.JUnitReportReporter -->
<testsuite hostname="DESKTOP-RGFUJQH" failures="0" tests="3" name="TestNGSessions.HomePageTest" time="0.029" errors="0" timestamp="25 Feb 2023 08:38:40 GMT" skipped="0">
  <testcase classname="TestNGSessions.HomePageTest" name="homePageUrlTest" time="0.011"/>
  <testcase classname="TestNGSessions.HomePageTest" name="homePageTitleTest" time="0.007"/>
  <testcase classname="TestNGSessions.HomePageTest" name="homePageSearchTest" time="0.011"/>
</testsuite> <!-- TestNGSessions.HomePageTest -->
