<?xml version="1.0" encoding="UTF-8"?>
<!-- Generated by org.testng.reporters.JUnitReportReporter -->
<testsuite hostname="DESKTOP-RGFUJQH" failures="0" tests="5" name="TestNGSessions.LoginPageNegativeTest" time="3.923" errors="0" timestamp="27 Feb 2023 07:44:37 GMT" skipped="0">
  <testcase classname="TestNGSessions.LoginPageNegativeTest" name="loginPageTest" time="0.734"/>
  <testcase classname="TestNGSessions.LoginPageNegativeTest" name="loginPageTest" time="0.775"/>
  <testcase classname="TestNGSessions.LoginPageNegativeTest" name="loginPageTest" time="0.810"/>
  <testcase classname="TestNGSessions.LoginPageNegativeTest" name="loginPageTest" time="0.811"/>
  <testcase classname="TestNGSessions.LoginPageNegativeTest" name="loginPageTest" time="0.793"/>
</testsuite> <!-- TestNGSessions.LoginPageNegativeTest -->
