<?xml version="1.0" encoding="UTF-8"?>
<!-- Generated by org.testng.reporters.JUnitReportReporter -->
<testsuite hostname="DESKTOP-RGFUJQH" failures="0" tests="3" name="TestNGSessions.OpenCartTest" time="0.141" errors="0" timestamp="07 Mar 2023 07:13:45 GMT" skipped="0">
  <testcase classname="TestNGSessions.OpenCartTest" name="titleTest" time="0.020"/>
  <testcase classname="TestNGSessions.OpenCartTest" name="searchExistTest" time="0.103"/>
  <testcase classname="TestNGSessions.OpenCartTest" name="urlTest" time="0.018"/>
</testsuite> <!-- TestNGSessions.OpenCartTest -->
