<?xml version="1.0" encoding="UTF-8"?>
<!-- Generated by org.testng.reporters.JUnitReportReporter -->
<testsuite hostname="DESKTOP-RGFUJQH" failures="0" tests="4" name="TestNGSessions.RegistrationPageAssignmentNegativeTest" time="5.242" errors="0" timestamp="27 Feb 2023 09:24:04 GMT" skipped="0">
  <testcase classname="TestNGSessions.RegistrationPageAssignmentNegativeTest" name="registrationTest" time="1.578"/>
  <testcase classname="TestNGSessions.RegistrationPageAssignmentNegativeTest" name="registrationTest" time="0.830"/>
  <testcase classname="TestNGSessions.RegistrationPageAssignmentNegativeTest" name="registrationTest" time="0.863"/>
  <testcase classname="TestNGSessions.RegistrationPageAssignmentNegativeTest" name="registrationTest" time="1.971"/>
</testsuite> <!-- TestNGSessions.RegistrationPageAssignmentNegativeTest -->
