<?xml version="1.0" encoding="UTF-8"?>
<!-- Generated by org.testng.reporters.JUnitReportReporter -->
<testsuite hostname="DESKTOP-RGFUJQH" failures="0" tests="4" name="TestNGSessions.AmazonTest" time="3.163" errors="0" timestamp="07 Mar 2023 07:13:45 GMT" skipped="0">
  <testcase classname="TestNGSessions.AmazonTest" name="titleTest" time="1.086"/>
  <testcase classname="TestNGSessions.AmazonTest" name="searchExistTest" time="1.879"/>
  <testcase classname="TestNGSessions.AmazonTest" name="urlTest" time="0.102"/>
  <testcase classname="TestNGSessions.AmazonTest" name="isHelpExistTest" time="0.096"/>
</testsuite> <!-- TestNGSessions.AmazonTest -->
